# JRE version: Java(TM) SE Runtime Environment (8.0_202-b08) (build 1.8.0_202-b08)
# Java VM: Java HotSpot(TM) 64-Bit Server VM (25.202-b08 mixed mode windows-amd64 compressed oops)
Heap:
 PSYoungGen      total 334336K, used 299693K [0x00000000eb900000, 0x0000000100000000, 0x0000000100000000)
  eden space 333824K, 89% used [0x00000000eb900000,0x00000000fdda35e8,0x00000000fff00000)
  from space 512K, 6% used [0x00000000fff00000,0x00000000fff08000,0x00000000fff80000)
  to   space 512K, 0% used [0x00000000fff80000,0x00000000fff80000,0x0000000100000000)
 ParOldGen       total 670720K, used 588144K [0x00000000c2a00000, 0x00000000eb900000, 0x00000000eb900000)
  object space 670720K, 87% used [0x00000000c2a00000,0x00000000e685c2b0,0x00000000eb900000)
 Metaspace       used 9633K, capacity 9886K, committed 9984K, reserved 1058816K
  class space    used 1131K, capacity 1239K, committed 1280K, reserved 1048576K
GC Heap History (10 events):
Event: 416.623 GC heap before
{Heap before GC invocations=3992 (full 3):
 PSYoungGen      total 334336K, used 299531K [0x00000000eb900000, 0x0000000100000000, 0x0000000100000000)
  eden space 333824K, 89% used [0x00000000eb900000,0x00000000fdd7aef0,0x00000000fff00000)
  from space 512K, 6% used [0x00000000fff80000,0x00000000fff88000,0x0000000100000000)
  to   space 512K, 0% used [0x00000000fff00000,0x00000000fff00000,0x00000000fff80000)
 ParOldGen       total 670720K, used 588136K [0x00000000c2a00000, 0x00000000eb900000, 0x00000000eb900000)
  object space 670720K, 87% used [0x00000000c2a00000,0x00000000e685a2b0,0x00000000eb900000)
 Metaspace       used 9616K, capacity 9886K, committed 9984K, reserved 1058816K
  class space    used 1131K, capacity 1239K, committed 1280K, reserved 1048576K
Event: 416.629 GC heap after
Heap after GC invocations=3992 (full 3):
 PSYoungGen      total 334336K, used 32K [0x00000000eb900000, 0x0000000100000000, 0x0000000100000000)
  eden space 333824K, 0% used [0x00000000eb900000,0x00000000eb900000,0x00000000fff00000)
  from space 512K, 6% used [0x00000000fff00000,0x00000000fff08000,0x00000000fff80000)
  to   space 512K, 0% used [0x00000000fff80000,0x00000000fff80000,0x0000000100000000)
 ParOldGen       total 670720K, used 588136K [0x00000000c2a00000, 0x00000000eb900000, 0x00000000eb900000)
  object space 670720K, 87% used [0x00000000c2a00000,0x00000000e685a2b0,0x00000000eb900000)
 Metaspace       used 9616K, capacity 9886K, committed 9984K, reserved 1058816K
  class space    used 1131K, capacity 1239K, committed 1280K, reserved 1048576K
}
Event: 416.700 GC heap before
{Heap before GC invocations=3993 (full 3):
 PSYoungGen      total 334336K, used 299531K [0x00000000eb900000, 0x0000000100000000, 0x0000000100000000)
  eden space 333824K, 89% used [0x00000000eb900000,0x00000000fdd7aef0,0x00000000fff00000)
  from space 512K, 6% used [0x00000000fff00000,0x00000000fff08000,0x00000000fff80000)
  to   space 512K, 0% used [0x00000000fff80000,0x00000000fff80000,0x0000000100000000)
 ParOldGen       total 670720K, used 588136K [0x00000000c2a00000, 0x00000000eb900000, 0x00000000eb900000)
  object space 670720K, 87% used [0x00000000c2a00000,0x00000000e685a2b0,0x00000000eb900000)
 Metaspace       used 9616K, capacity 9886K, committed 9984K, reserved 1058816K
  class space    used 1131K, capacity 1239K, committed 1280K, reserved 1048576K
Event: 416.704 GC heap after
Heap after GC invocations=3993 (full 3):
 PSYoungGen      total 334336K, used 32K [0x00000000eb900000, 0x0000000100000000, 0x0000000100000000)
  eden space 333824K, 0% used [0x00000000eb900000,0x00000000eb900000,0x00000000fff00000)
  from space 512K, 6% used [0x00000000fff80000,0x00000000fff88000,0x0000000100000000)
  to   space 512K, 0% used [0x00000000fff00000,0x00000000fff00000,0x00000000fff80000)
 ParOldGen       total 670720K, used 588136K [0x00000000c2a00000, 0x00000000eb900000, 0x00000000eb900000)
  object space 670720K, 87% used [0x00000000c2a00000,0x00000000e685a2b0,0x00000000eb900000)
 Metaspace       used 9616K, capacity 9886K, committed 9984K, reserved 1058816K
  class space    used 1131K, capacity 1239K, committed 1280K, reserved 1048576K
}
Event: 416.786 GC heap before
{Heap before GC invocations=3994 (full 3):
 PSYoungGen      total 334336K, used 299531K [0x00000000eb900000, 0x0000000100000000, 0x0000000100000000)
  eden space 333824K, 89% used [0x00000000eb900000,0x00000000fdd7aef0,0x00000000fff00000)
  from space 512K, 6% used [0x00000000fff80000,0x00000000fff88000,0x0000000100000000)
  to   space 512K, 0% used [0x00000000fff00000,0x00000000fff00000,0x00000000fff80000)
 ParOldGen       total 670720K, used 588136K [0x00000000c2a00000, 0x00000000eb900000, 0x00000000eb900000)
  object space 670720K, 87% used [0x00000000c2a00000,0x00000000e685a2b0,0x00000000eb900000)
 Metaspace       used 9616K, capacity 9886K, committed 9984K, reserved 1058816K
  class space    used 1131K, capacity 1239K, committed 1280K, reserved 1048576K
Event: 416.808 GC heap after
Heap after GC invocations=3994 (full 3):
 PSYoungGen      total 334336K, used 32K [0x00000000eb900000, 0x0000000100000000, 0x0000000100000000)
  eden space 333824K, 0% used [0x00000000eb900000,0x00000000eb900000,0x00000000fff00000)
  from space 512K, 6% used [0x00000000fff00000,0x00000000fff08000,0x00000000fff80000)
  to   space 512K, 0% used [0x00000000fff80000,0x00000000fff80000,0x0000000100000000)
 ParOldGen       total 670720K, used 588136K [0x00000000c2a00000, 0x00000000eb900000, 0x00000000eb900000)
  object space 670720K, 87% used [0x00000000c2a00000,0x00000000e685a2b0,0x00000000eb900000)
 Metaspace       used 9616K, capacity 9886K, committed 9984K, reserved 1058816K
  class space    used 1131K, capacity 1239K, committed 1280K, reserved 1048576K
}
Event: 416.887 GC heap before
{Heap before GC invocations=3995 (full 3):
 PSYoungGen      total 334336K, used 299531K [0x00000000eb900000, 0x0000000100000000, 0x0000000100000000)
  eden space 333824K, 89% used [0x00000000eb900000,0x00000000fdd7aef0,0x00000000fff00000)
  from space 512K, 6% used [0x00000000fff00000,0x00000000fff08000,0x00000000fff80000)
  to   space 512K, 0% used [0x00000000fff80000,0x00000000fff80000,0x0000000100000000)
 ParOldGen       total 670720K, used 588136K [0x00000000c2a00000, 0x00000000eb900000, 0x00000000eb900000)
  object space 670720K, 87% used [0x00000000c2a00000,0x00000000e685a2b0,0x00000000eb900000)
 Metaspace       used 9616K, capacity 9886K, committed 9984K, reserved 1058816K
  class space    used 1131K, capacity 1239K, committed 1280K, reserved 1048576K
Event: 416.892 GC heap after
Heap after GC invocations=3995 (full 3):
 PSYoungGen      total 334336K, used 32K [0x00000000eb900000, 0x0000000100000000, 0x0000000100000000)
  eden space 333824K, 0% used [0x00000000eb900000,0x00000000eb900000,0x00000000fff00000)
  from space 512K, 6% used [0x00000000fff80000,0x00000000fff88000,0x0000000100000000)
  to   space 512K, 0% used [0x00000000fff00000,0x00000000fff00000,0x00000000fff80000)
 ParOldGen       total 670720K, used 588136K [0x00000000c2a00000, 0x00000000eb900000, 0x00000000eb900000)
  object space 670720K, 87% used [0x00000000c2a00000,0x00000000e685a2b0,0x00000000eb900000)
 Metaspace       used 9616K, capacity 9886K, committed 9984K, reserved 1058816K
  class space    used 1131K, capacity 1239K, committed 1280K, reserved 1048576K
}
Event: 417.635 GC heap before
{Heap before GC invocations=3996 (full 3):
 PSYoungGen      total 334336K, used 299783K [0x00000000eb900000, 0x0000000100000000, 0x0000000100000000)
  eden space 333824K, 89% used [0x00000000eb900000,0x00000000fddb9e10,0x00000000fff00000)
  from space 512K, 6% used [0x00000000fff80000,0x00000000fff88000,0x0000000100000000)
  to   space 512K, 0% used [0x00000000fff00000,0x00000000fff00000,0x00000000fff80000)
 ParOldGen       total 670720K, used 588136K [0x00000000c2a00000, 0x00000000eb900000, 0x00000000eb900000)
  object space 670720K, 87% used [0x00000000c2a00000,0x00000000e685a2b0,0x00000000eb900000)
 Metaspace       used 9623K, capacity 9886K, committed 9984K, reserved 1058816K
  class space    used 1131K, capacity 1239K, committed 1280K, reserved 1048576K
Event: 417.672 GC heap after
Heap after GC invocations=3996 (full 3):
 PSYoungGen      total 334336K, used 32K [0x00000000eb900000, 0x0000000100000000, 0x0000000100000000)
  eden space 333824K, 0% used [0x00000000eb900000,0x00000000eb900000,0x00000000fff00000)
  from space 512K, 6% used [0x00000000fff00000,0x00000000fff08000,0x00000000fff80000)
  to   space 512K, 0% used [0x00000000fff80000,0x00000000fff80000,0x0000000100000000)
 ParOldGen       total 670720K, used 588144K [0x00000000c2a00000, 0x00000000eb900000, 0x00000000eb900000)
  object space 670720K, 87% used [0x00000000c2a00000,0x00000000e685c2b0,0x00000000eb900000)
 Metaspace       used 9623K, capacity 9886K, committed 9984K, reserved 1058816K
  class space    used 1131K, capacity 1239K, committed 1280K, reserved 1048576K
}

